INFO [2025-04-21 10:43:22] $x
INFO [2025-04-21 10:43:22] list(set_CQI, set_IG, set_CG)
INFO [2025-04-21 10:43:22] 
INFO [2025-04-21 10:43:22] $filename
INFO [2025-04-21 10:43:22] [1] "1. Analisis estadistico/3. Resultados/2. figuras/venn_neg.png"
INFO [2025-04-21 10:43:22] 
INFO [2025-04-21 10:43:22] $output
INFO [2025-04-21 10:43:22] T
INFO [2025-04-21 10:43:22] 
INFO [2025-04-21 10:43:22] $imagetype
INFO [2025-04-21 10:43:22] [1] "png"
INFO [2025-04-21 10:43:22] 
INFO [2025-04-21 10:43:22] $resolution
INFO [2025-04-21 10:43:22] [1] 300
INFO [2025-04-21 10:43:22] 
INFO [2025-04-21 10:43:22] $lwd
INFO [2025-04-21 10:43:22] [1] 7
INFO [2025-04-21 10:43:22] 
INFO [2025-04-21 10:43:22] $cex
INFO [2025-04-21 10:43:22] [1] 1.5
INFO [2025-04-21 10:43:22] 
INFO [2025-04-21 10:43:22] $fontface
INFO [2025-04-21 10:43:22] [1] "bold"
INFO [2025-04-21 10:43:22] 
INFO [2025-04-21 10:43:22] $fontfamily
INFO [2025-04-21 10:43:22] [1] "sans"
INFO [2025-04-21 10:43:22] 
INFO [2025-04-21 10:43:22] $cat.cex
INFO [2025-04-21 10:43:22] [1] 2
INFO [2025-04-21 10:43:22] 
INFO [2025-04-21 10:43:22] $category.names
INFO [2025-04-21 10:43:22] c("CQI", "IG", "CG")
INFO [2025-04-21 10:43:22] 
INFO [2025-04-21 10:43:22] $cat.default.pos
INFO [2025-04-21 10:43:22] [1] "text"
INFO [2025-04-21 10:43:22] 
INFO [2025-04-21 10:43:22] $cat.fontface
INFO [2025-04-21 10:43:22] [1] "bold"
INFO [2025-04-21 10:43:22] 
INFO [2025-04-21 10:43:22] $cat.fontfamily
INFO [2025-04-21 10:43:22] [1] "sans"
INFO [2025-04-21 10:43:22] 
INFO [2025-04-21 10:43:22] $cat.pos
INFO [2025-04-21 10:43:22] [1] 2
INFO [2025-04-21 10:43:22] 
