INFO [2025-04-21 10:42:03] $x
INFO [2025-04-21 10:42:03] list(set_CQI, set_IG, set_CG)
INFO [2025-04-21 10:42:03] 
INFO [2025-04-21 10:42:03] $filename
INFO [2025-04-21 10:42:03] [1] "1. Analisis estadistico/3. Resultados/2. figuras/venn_pos.png"
INFO [2025-04-21 10:42:03] 
INFO [2025-04-21 10:42:03] $output
INFO [2025-04-21 10:42:03] T
INFO [2025-04-21 10:42:03] 
INFO [2025-04-21 10:42:03] $imagetype
INFO [2025-04-21 10:42:03] [1] "png"
INFO [2025-04-21 10:42:03] 
INFO [2025-04-21 10:42:03] $resolution
INFO [2025-04-21 10:42:03] [1] 300
INFO [2025-04-21 10:42:03] 
INFO [2025-04-21 10:42:03] $lwd
INFO [2025-04-21 10:42:03] [1] 7
INFO [2025-04-21 10:42:03] 
INFO [2025-04-21 10:42:03] $cex
INFO [2025-04-21 10:42:03] [1] 1.5
INFO [2025-04-21 10:42:03] 
INFO [2025-04-21 10:42:03] $fontface
INFO [2025-04-21 10:42:03] [1] "bold"
INFO [2025-04-21 10:42:03] 
INFO [2025-04-21 10:42:03] $fontfamily
INFO [2025-04-21 10:42:03] [1] "sans"
INFO [2025-04-21 10:42:03] 
INFO [2025-04-21 10:42:03] $cat.cex
INFO [2025-04-21 10:42:03] [1] 2
INFO [2025-04-21 10:42:03] 
INFO [2025-04-21 10:42:03] $category.names
INFO [2025-04-21 10:42:03] c("CQI", "IG", "CG")
INFO [2025-04-21 10:42:03] 
INFO [2025-04-21 10:42:03] $cat.default.pos
INFO [2025-04-21 10:42:03] [1] "text"
INFO [2025-04-21 10:42:03] 
INFO [2025-04-21 10:42:03] $cat.fontface
INFO [2025-04-21 10:42:03] [1] "bold"
INFO [2025-04-21 10:42:03] 
INFO [2025-04-21 10:42:03] $cat.fontfamily
INFO [2025-04-21 10:42:03] [1] "sans"
INFO [2025-04-21 10:42:03] 
INFO [2025-04-21 10:42:03] $cat.pos
INFO [2025-04-21 10:42:03] [1] 2
INFO [2025-04-21 10:42:03] 
